<?xml version="1.0" encoding="UTF-8"?>
<testsuite name="secondTask.MainTest" tests="2" skipped="0" failures="0" errors="0" timestamp="2022-10-24T13:47:21" hostname="DESKTOP-IS3N5B9" time="10.158">
  <properties/>
  <testcase name="shouldNotBeLoginCauseWrongInputData()" classname="secondTask.MainTest" time="6.8"/>
  <testcase name="shouldBeLogin()" classname="secondTask.MainTest" time="3.358"/>
  <system-out><![CDATA[]]></system-out>
  <system-err><![CDATA[SLF4J: No SLF4J providers were found.
SLF4J: Defaulting to no-operation (NOP) logger implementation
SLF4J: See https://www.slf4j.org/codes.html#noProviders for further details.
Starting ChromeDriver 106.0.5249.61 (511755355844955cd3e264779baf0dd38212a4d0-refs/branch-heads/5249@{#569}) on port 58359
Only local connections are allowed.
Please see https://chromedriver.chromium.org/security-considerations for suggestions on keeping ChromeDriver safe.
ChromeDriver was started successfully.
окт. 24, 2022 4:47:24 PM org.openqa.selenium.remote.ProtocolHandshake createSession
INFO: Detected upstream dialect: W3C
окт. 24, 2022 4:47:24 PM org.openqa.selenium.devtools.CdpVersionFinder findNearestMatch
WARNING: Unable to find an exact match for CDP version 106, so returning the closest version found: 104
окт. 24, 2022 4:47:24 PM org.openqa.selenium.devtools.CdpVersionFinder findNearestMatch
INFO: Found CDP implementation for version 106 of 104
]]></system-err>
</testsuite>
